[debug] [2023-05-12T16:06:24.663Z] ----------------------------------------------------------------------
[debug] [2023-05-12T16:06:24.672Z] Command:       /usr/bin/node /usr/local/bin/firebase init
[debug] [2023-05-12T16:06:24.673Z] CLI Version:   12.0.0
[debug] [2023-05-12T16:06:24.674Z] Platform:      linux
[debug] [2023-05-12T16:06:24.674Z] Node Version:  v18.11.0
[debug] [2023-05-12T16:06:24.675Z] Time:          Fri May 12 2023 19:06:24 GMT+0300 (Eastern European Summer Time)
[debug] [2023-05-12T16:06:24.676Z] ----------------------------------------------------------------------
[debug] 
[debug] [2023-05-12T16:06:24.681Z] >>> [apiv2][query] GET https://firebase-public.firebaseio.com/cli.json [none]
[debug] [2023-05-12T16:06:24.737Z] > command requires scopes: ["email","openid","https://www.googleapis.com/auth/cloudplatformprojects.readonly","https://www.googleapis.com/auth/firebase","https://www.googleapis.com/auth/cloud-platform"]
[debug] [2023-05-12T16:06:24.738Z] > authorizing via signed-in user (shahwan.omar.99@gmail.com)
[info] 
     ######## #### ########  ######## ########     ###     ######  ########
     ##        ##  ##     ## ##       ##     ##  ##   ##  ##       ##
     ######    ##  ########  ######   ########  #########  ######  ######
     ##        ##  ##    ##  ##       ##     ## ##     ##       ## ##
     ##       #### ##     ## ######## ########  ##     ##  ######  ########

You're about to initialize a Firebase project in this directory:

  /media/omar/special/New React Projects/food meals project

Before we get started, keep in mind:

  * You are currently outside your home directory

[warn] ⚠  Unable to fetch the CLI MOTD and remote config. 
[debug] [2023-05-12T16:06:25.070Z] Failed to fetch MOTD FirebaseError: Failed to make request to https://firebase-public.firebaseio.com/cli.json
[info] 
=== Project Setup
[info] 
[info] First, let's associate this project directory with a Firebase project.
[info] You can create multiple project aliases by running firebase use --add, 
[info] but for now we'll just set up a default project.
[info] 
[debug] [2023-05-12T16:06:28.759Z] >>> [apiv2][query] GET https://firebase.googleapis.com/v1beta1/projects pageSize=100
[debug] [2023-05-12T16:06:29.215Z] <<< [apiv2][status] GET https://firebase.googleapis.com/v1beta1/projects 403
[debug] [2023-05-12T16:06:29.216Z] <<< [apiv2][body] GET https://firebase.googleapis.com/v1beta1/projects [omitted]
[debug] [2023-05-12T16:06:29.216Z] Unable to parse JSON: SyntaxError: Unexpected token < in JSON at position 0
[debug] [2023-05-12T16:06:29.501Z] FirebaseError: Unable to parse JSON: SyntaxError: Unexpected token < in JSON at position 0
    at RetryOperation._fn (/usr/local/lib/node_modules/firebase-tools/lib/apiv2.js:260:39)
    at process.processTicksAndRejections (node:internal/process/task_queues:95:5)
[error] 
[error] Error: Failed to list Firebase projects. See firebase-debug.log for more info.
